#
# A fatal error has been detected by the Java Runtime Environment:
#
#  EXCEPTION_ACCESS_VIOLATION (0xc0000005) at pc=0x00007ffedb00812f, pid=1536, tid=9572
#
# JRE version: OpenJDK Runtime Environment AdoptOpenJDK (14.0.2+12) (build 14.0.2+12)
# Java VM: OpenJDK 64-Bit Server VM AdoptOpenJDK (14.0.2+12, mixed mode, sharing, tiered, compressed oops, g1 gc, windows-amd64)
# Problematic frame:
# V  [jvm.dll+0xb812f]
#
# No core dump will be written. Minidumps are not enabled by default on client versions of Windows
#
# If you would like to submit a bug report, please visit:
#   https://github.com/AdoptOpenJDK/openjdk-support/issues
#

---------------  S U M M A R Y ------------

Command Line: --add-opens=java.base/java.util=ALL-UNNAMED --add-opens=java.base/java.lang=ALL-UNNAMED --add-opens=java.base/java.lang.invoke=ALL-UNNAMED --add-opens=java.prefs/java.util.prefs=ALL-UNNAMED -Xmx1G -Dfile.encoding=utf8 -Duser.country=FR -Duser.language=fr -Duser.variant org.gradle.launcher.daemon.bootstrap.GradleDaemon 6.8.3

Host: AMD Ryzen 5 3500X 6-Core Processor             , 6 cores, 15G,  Windows 10 , 64 bit Build 22000 (10.0.22000.120)
Time: Tue Aug 24 16:42:23 2021 Paris, Madrid (heure d’été) elapsed time: 3 seconds (0d 0h 0m 3s)

---------------  T H R E A D  ---------------

Current thread (0x000001ed31d7a000):  JavaThread "C2 CompilerThread0" daemon [_thread_in_native, id=9572, stack(0x000000550bf00000,0x000000550c000000)]


Current CompileTask:
C2:   3104 4553       4       java.io.ObjectOutputStream$BlockDataOutputStream::writeUTF (46 bytes)

Stack: [0x000000550bf00000,0x000000550c000000],  sp=0x000000550bffb8f0,  free space=1006k
Native frames: (J=compiled Java code, j=interpreted, Vv=VM code, C=native code)
V  [jvm.dll+0xb812f]
V  [jvm.dll+0x2ebdb2]
V  [jvm.dll+0x2e9168]
V  [jvm.dll+0x2e894a]
V  [jvm.dll+0x1e7bd6]
V  [jvm.dll+0x1e6e78]
V  [jvm.dll+0x179d0c]
V  [jvm.dll+0x1f5f55]
V  [jvm.dll+0x1f413b]
V  [jvm.dll+0x75c3ad]
V  [jvm.dll+0x7551ba]
V  [jvm.dll+0x5fc4d6]
C  [ucrtbase.dll+0x26c0c]
C  [KERNEL32.DLL+0x154e0]
C  [ntdll.dll+0x485b]


siginfo: EXCEPTION_ACCESS_VIOLATION (0xc0000005), writing address 0x000001ed3cda1850


Register to memory mapping:

RIP=0x00007ffedb00812f jvm.dll
RAX=0x000000000100000a is an unknown value
RBX=0x000000000000001d is an unknown value
RCX=0x000001ed37556ed8 points into unknown readable memory: d0 83 7b db fe 7f 00 00
RDX=0x000000550bffb980 is pointing into the stack for thread: 0x000001ed31d7a000
RSP=0x000000550bffb8f0 is pointing into the stack for thread: 0x000001ed31d7a000
RBP=0x0 is NULL
RSI=0x0000000000000020 is an unknown value
RDI=0x000001ed34da1800 points into unknown readable memory: 20 b4 76 32 ed 01 00 00
R8 =0x000000000000000a is an unknown value
R9 =0x0 is NULL
R10=0x000001ed34f48480 points into unknown readable memory: 60 18 55 37 ed 01 00 00
R11=0x000001ed34f484c0 points into unknown readable memory: a8 16 55 37 ed 01 00 00
R12=0x000001ed34da17f0 points into unknown readable memory: 1e 00 00 00 00 00 00 00
R13=0x000001ed31d4f0c0 points into unknown readable memory: 06 00 00 00 ed 01 00 00
R14=0x000000550bffbe70 is pointing into the stack for thread: 0x000001ed31d7a000
R15=0x000000550bffba20 is pointing into the stack for thread: 0x000001ed31d7a000


Registers:
RAX=0x000000000100000a, RBX=0x000000000000001d, RCX=0x000001ed37556ed8, RDX=0x000000550bffb980
RSP=0x000000550bffb8f0, RBP=0x0000000000000000, RSI=0x0000000000000020, RDI=0x000001ed34da1800
R8 =0x000000000000000a, R9 =0x0000000000000000, R10=0x000001ed34f48480, R11=0x000001ed34f484c0
R12=0x000001ed34da17f0, R13=0x000001ed31d4f0c0, R14=0x000000550bffbe70, R15=0x000000550bffba20
RIP=0x00007ffedb00812f, EFLAGS=0x0000000000010297

Top of Stack: (sp=0x000000550bffb8f0)
0x000000550bffb8f0:   000001ed31d4f0c0 000001ed34da17f0
0x000000550bffb900:   000001ed33621de8 0000000000000014
0x000000550bffb910:   000001ed336263b0 00007ffedb23bdb2
0x000000550bffb920:   000000000000001d 0000000000000020
0x000000550bffb930:   000000000000000b 0000000000000000
0x000000550bffb940:   0000023e0100000b 0000000000000000
0x000000550bffb950:   0000000000000008 000001ed34da1800
0x000000550bffb960:   000001ed1540df48 0000000000000000
0x000000550bffb970:   0000000000000029 00007ffedb239168
0x000000550bffb980:   000001ed37556ed8 000000550bffbe70
0x000000550bffb990:   000000550bffba80 000001ed31d4f0c0
0x000000550bffb9a0:   000001ed37e92258 00007ffedb19367f
0x000000550bffb9b0:   000000550bffbb80 00000000000001ff
0x000000550bffb9c0:   0000000000000101 0000000000000001
0x000000550bffb9d0:   000000550bffc000 0000000000000802
0x000000550bffb9e0:   0000000100000086 000001ed3276ad20 

Instructions: (pc=0x00007ffedb00812f)
0x00007ffedb00802f:   cc 48 3b 15 09 ba a3 00 0f 94 c0 c3 cc cc cc cc
0x00007ffedb00803f:   cc 48 3b 15 01 ba a3 00 0f 94 c0 c3 cc cc cc cc
0x00007ffedb00804f:   cc 48 89 5c 24 08 48 89 74 24 10 57 48 83 ec 20
0x00007ffedb00805f:   44 8b 01 48 8b f2 48 8b d9 44 3b 41 04 0f 85 a4
0x00007ffedb00806f:   00 00 00 41 83 c0 01 41 8b c8 74 09 49 8d 40 ff
0x00007ffedb00807f:   48 85 c1 74 1b 41 0f bd c0 ba 1f 00 00 00 b9 20
0x00007ffedb00808f:   00 00 00 2b d0 41 b8 01 00 00 00 2a ca 41 d3 e0
0x00007ffedb00809f:   ba 08 00 00 00 44 89 43 04 48 8b cb e8 00 d8 24
0x00007ffedb0080af:   00 33 c9 48 8b f8 39 0b 7e 1f 44 8b c9 0f 1f 40
0x00007ffedb0080bf:   00 48 8b 53 18 4d 8d 49 08 ff c1 4d 8b 44 11 f8
0x00007ffedb0080cf:   4d 89 44 01 f8 3b 0b 7c e8 3b 4b 04 7d 1b 0f 1f
0x00007ffedb0080df:   00 48 63 c1 48 8d 14 c7 48 85 d2 74 05 33 c0 48
0x00007ffedb0080ef:   89 02 ff c1 3b 4b 04 7c e8 48 83 7b 08 01 75 11
0x00007ffedb0080ff:   48 8b 53 18 48 85 d2 74 08 48 8b cb e8 60 c0 15
0x00007ffedb00810f:   00 48 89 7b 18 eb 04 48 8b 79 18 48 63 03 8d 48
0x00007ffedb00811f:   01 89 0b 48 8b 0e 48 8b 5c 24 30 48 8b 74 24 38
0x00007ffedb00812f:   48 89 0c c7 48 83 c4 20 5f c3 cc cc cc cc cc cc
0x00007ffedb00813f:   cc 48 89 4c 24 08 53 56 41 55 48 81 ec 80 00 00
0x00007ffedb00814f:   00 49 8b 01 4d 8b e9 41 0f b6 d8 48 8b f2 48 83
0x00007ffedb00815f:   78 10 00 0f 84 8b 03 00 00 48 8b 8c 24 c0 00 00
0x00007ffedb00816f:   00 48 89 ac 24 a8 00 00 00 4c 89 64 24 70 e8 5e
0x00007ffedb00817f:   3e 52 00 4c 8b 15 47 0f 9d 00 4c 8b e0 8b 94 24
0x00007ffedb00818f:   08 01 00 00 49 8b 6a 28 48 89 6c 24 50 85 d2 0f
0x00007ffedb00819f:   8e f6 02 00 00 48 89 7c 24 78 4c 89 7c 24 60 44
0x00007ffedb0081af:   8d 7a ff 41 83 ff 01 0f 8c 4c 02 00 00 48 63 84
0x00007ffedb0081bf:   24 f8 00 00 00 48 8d 0d e5 43 97 00 41 b8 08 00
0x00007ffedb0081cf:   00 00 4c 89 74 24 68 4c 8d 35 0b 97 7a 00 48 8d
0x00007ffedb0081df:   14 81 8b 0d 85 62 a4 00 65 48 8b 04 25 58 00 00
0x00007ffedb0081ef:   00 48 89 54 24 58 48 8b 1c c8 49 03 d8 48 89 9c
0x00007ffedb0081ff:   24 b8 00 00 00 8b 02 48 8b ce 41 0f af c7 48 63
0x00007ffedb00820f:   d0 e8 7b c7 56 00 48 8b 0b 48 8b e8 48 8b 91 a0
0x00007ffedb00821f:   04 00 00 48 8b ba 80 00 00 00 48 81 c7 e8 01 00 


Stack slot to memory mapping:
stack at sp + 0 slots: 0x000001ed31d4f0c0 points into unknown readable memory: 06 00 00 00 ed 01 00 00
stack at sp + 1 slots: 0x000001ed34da17f0 points into unknown readable memory: 1e 00 00 00 00 00 00 00
stack at sp + 2 slots: 0x000001ed33621de8 points into unknown readable memory: d0 83 7b db fe 7f 00 00
stack at sp + 3 slots: 0x0000000000000014 is an unknown value
stack at sp + 4 slots: 0x000001ed336263b0 points into unknown readable memory: 30 eb 78 db fe 7f 00 00
stack at sp + 5 slots: 0x00007ffedb23bdb2 jvm.dll
stack at sp + 6 slots: 0x000000000000001d is an unknown value
stack at sp + 7 slots: 0x0000000000000020 is an unknown value


---------------  P R O C E S S  ---------------

Threads class SMR info:
_java_thread_list=0x000001ed38e838d0, length=86, elements={
0x000001ed153d2000, 0x000001ed31d50000, 0x000001ed31d51000, 0x000001ed31d75000,
0x000001ed31d78000, 0x000001ed31d79000, 0x000001ed31d7a000, 0x000001ed31d7b000,
0x000001ed31d7c800, 0x000001ed32742800, 0x000001ed32779800, 0x000001ed329a8800,
0x000001ed342c7800, 0x000001ed35010800, 0x000001ed35019800, 0x000001ed351f9800,
0x000001ed345bc000, 0x000001ed34620800, 0x000001ed34b10800, 0x000001ed34b0e000,
0x000001ed34b13000, 0x000001ed34b0d800, 0x000001ed34b11800, 0x000001ed34b12000,
0x000001ed34b14000, 0x000001ed34b0f000, 0x000001ed34b0f800, 0x000001ed3696e800,
0x000001ed36969000, 0x000001ed3696f800, 0x000001ed3696a000, 0x000001ed36970800,
0x000001ed3696c000, 0x000001ed36971000, 0x000001ed3696b800, 0x000001ed36977800,
0x000001ed36976000, 0x000001ed36972000, 0x000001ed36975000, 0x000001ed36972800,
0x000001ed36977000, 0x000001ed36973800, 0x000001ed36974800, 0x000001ed373c8000,
0x000001ed373c7000, 0x000001ed373c8800, 0x000001ed373c9800, 0x000001ed373c6000,
0x000001ed373ca000, 0x000001ed373c5800, 0x000001ed373c4800, 0x000001ed373d0800,
0x000001ed373cb000, 0x000001ed373ce800, 0x000001ed373d0000, 0x000001ed373cc000,
0x000001ed373d1800, 0x000001ed373d2800, 0x000001ed373cf000, 0x000001ed373cc800,
0x000001ed373d3000, 0x000001ed373cd800, 0x000001ed39299000, 0x000001ed3929a000,
0x000001ed39298800, 0x000001ed3929e000, 0x000001ed3929b800, 0x000001ed3929b000,
0x000001ed3929d000, 0x000001ed3929c800, 0x000001ed392a4800, 0x000001ed392a3800,
0x000001ed3929f000, 0x000001ed392a5800, 0x000001ed392a0800, 0x000001ed392a1800,
0x000001ed3929f800, 0x000001ed392a7000, 0x000001ed392a2000, 0x000001ed392a6000,
0x000001ed392a3000, 0x000001ed38e05800, 0x000001ed38e00000, 0x000001ed38e01000,
0x000001ed38e07800, 0x000001ed38e01800
}

Java Threads: ( => current thread )
  0x000001ed153d2000 JavaThread "main" [_thread_blocked, id=5384, stack(0x000000550b300000,0x000000550b400000)]
  0x000001ed31d50000 JavaThread "Reference Handler" daemon [_thread_blocked, id=2188, stack(0x000000550ba00000,0x000000550bb00000)]
  0x000001ed31d51000 JavaThread "Finalizer" daemon [_thread_blocked, id=5096, stack(0x000000550bb00000,0x000000550bc00000)]
  0x000001ed31d75000 JavaThread "Signal Dispatcher" daemon [_thread_blocked, id=14200, stack(0x000000550bc00000,0x000000550bd00000)]
  0x000001ed31d78000 JavaThread "Attach Listener" daemon [_thread_blocked, id=20436, stack(0x000000550bd00000,0x000000550be00000)]
  0x000001ed31d79000 JavaThread "Service Thread" daemon [_thread_blocked, id=17984, stack(0x000000550be00000,0x000000550bf00000)]
=>0x000001ed31d7a000 JavaThread "C2 CompilerThread0" daemon [_thread_in_native, id=9572, stack(0x000000550bf00000,0x000000550c000000)]
  0x000001ed31d7b000 JavaThread "C1 CompilerThread0" daemon [_thread_in_native, id=18444, stack(0x000000550c000000,0x000000550c100000)]
  0x000001ed31d7c800 JavaThread "Sweeper thread" daemon [_thread_blocked, id=19740, stack(0x000000550c100000,0x000000550c200000)]
  0x000001ed32742800 JavaThread "Common-Cleaner" daemon [_thread_blocked, id=3840, stack(0x000000550c200000,0x000000550c300000)]
  0x000001ed32779800 JavaThread "Notification Thread" daemon [_thread_blocked, id=17988, stack(0x000000550c300000,0x000000550c400000)]
  0x000001ed329a8800 JavaThread "C2 CompilerThread1" daemon [_thread_in_native, id=18752, stack(0x000000550c500000,0x000000550c600000)]
  0x000001ed342c7800 JavaThread "Daemon health stats" [_thread_blocked, id=3252, stack(0x000000550cc00000,0x000000550cd00000)]
  0x000001ed35010800 JavaThread "Incoming local TCP Connector on port 51097" [_thread_in_native, id=6772, stack(0x000000550cf00000,0x000000550d000000)]
  0x000001ed35019800 JavaThread "Daemon periodic checks" [_thread_blocked, id=10740, stack(0x000000550d000000,0x000000550d100000)]
  0x000001ed351f9800 JavaThread "Daemon" [_thread_blocked, id=10804, stack(0x000000550d100000,0x000000550d200000)]
  0x000001ed345bc000 JavaThread "Handler for socket connection from /127.0.0.1:51097 to /127.0.0.1:51098" [_thread_in_native, id=9620, stack(0x000000550d200000,0x000000550d300000)]
  0x000001ed34620800 JavaThread "Cancel handler" [_thread_blocked, id=12052, stack(0x000000550d300000,0x000000550d400000)]
  0x000001ed34b10800 JavaThread "Daemon worker" [_thread_in_vm, id=20280, stack(0x000000550d400000,0x000000550d500000)]
  0x000001ed34b0e000 JavaThread "Asynchronous log dispatcher for DefaultDaemonConnection: socket connection from /127.0.0.1:51097 to /127.0.0.1:51098" [_thread_blocked, id=1316, stack(0x000000550d500000,0x000000550d600000)]
  0x000001ed34b13000 JavaThread "Stdin handler" [_thread_blocked, id=10728, stack(0x000000550d600000,0x000000550d700000)]
  0x000001ed34b0d800 JavaThread "Daemon client event forwarder" [_thread_blocked, id=2944, stack(0x000000550d700000,0x000000550d800000)]
  0x000001ed34b11800 JavaThread "Cache worker for file hash cache (C:\Users\lebon\.gradle\caches\6.8.3\fileHashes)" [_thread_blocked, id=4524, stack(0x000000550d800000,0x000000550d900000)]
  0x000001ed34b12000 JavaThread "File lock request listener" [_thread_in_native, id=2984, stack(0x000000550d900000,0x000000550da00000)]
  0x000001ed34b14000 JavaThread "Cache worker for journal cache (C:\Users\lebon\.gradle\caches\journal-1)" [_thread_blocked, id=9852, stack(0x000000550da00000,0x000000550db00000)]
  0x000001ed34b0f000 JavaThread "Cache worker for file hash cache (I:\lebon\OneDrive\Documents\GitHub\Java\Automatic Path\.gradle\6.8.3\fileHashes)" [_thread_blocked, id=1776, stack(0x000000550db00000,0x000000550dc00000)]
  0x000001ed34b0f800 JavaThread "jar transforms" [_thread_blocked, id=15632, stack(0x000000550dc00000,0x000000550dd00000)]
  0x000001ed3696e800 JavaThread "jar transforms Thread 2" [_thread_blocked, id=19312, stack(0x000000550dd00000,0x000000550de00000)]
  0x000001ed36969000 JavaThread "Cache worker for checksums cache (I:\lebon\OneDrive\Documents\GitHub\Java\Automatic Path\.gradle\checksums)" [_thread_blocked, id=11392, stack(0x000000550df00000,0x000000550e000000)]
  0x000001ed3696f800 JavaThread "Cache worker for cache directory md-supplier (C:\Users\lebon\.gradle\caches\6.8.3\md-supplier)" [_thread_blocked, id=3408, stack(0x000000550e000000,0x000000550e100000)]
  0x000001ed3696a000 JavaThread "Cache worker for cache directory md-rule (C:\Users\lebon\.gradle\caches\6.8.3\md-rule)" [_thread_blocked, id=2816, stack(0x000000550e100000,0x000000550e200000)]
  0x000001ed36970800 JavaThread "Cache worker for execution history cache (C:\Users\lebon\.gradle\caches\6.8.3\executionHistory)" [_thread_blocked, id=6628, stack(0x000000550e200000,0x000000550e300000)]
  0x000001ed3696c000 JavaThread "Cache worker for file content cache (C:\Users\lebon\.gradle\caches\6.8.3\fileContent)" [_thread_blocked, id=11496, stack(0x000000550e300000,0x000000550e400000)]
  0x000001ed36971000 JavaThread "Cache worker for Build Output Cleanup Cache (I:\lebon\OneDrive\Documents\GitHub\Java\Automatic Path\.gradle\buildOutputCleanup)" [_thread_blocked, id=19348, stack(0x000000550e500000,0x000000550e600000)]
  0x000001ed3696b800 JavaThread "Build operations" [_thread_blocked, id=11544, stack(0x000000550e600000,0x000000550e700000)]
  0x000001ed36977800 JavaThread "Build operations Thread 2" [_thread_blocked, id=15424, stack(0x000000550e700000,0x000000550e800000)]
  0x000001ed36976000 JavaThread "Build operations Thread 3" [_thread_blocked, id=4852, stack(0x000000550e800000,0x000000550e900000)]
  0x000001ed36972000 JavaThread "Build operations Thread 4" [_thread_blocked, id=15668, stack(0x000000550e900000,0x000000550ea00000)]
  0x000001ed36975000 JavaThread "Build operations Thread 5" [_thread_blocked, id=10196, stack(0x000000550ea00000,0x000000550eb00000)]
  0x000001ed36972800 JavaThread "Build operations Thread 6" [_thread_blocked, id=6676, stack(0x000000550eb00000,0x000000550ec00000)]
  0x000001ed36977000 JavaThread "jar transforms Thread 3" [_thread_blocked, id=16760, stack(0x000000550ec00000,0x000000550ed00000)]
  0x000001ed36973800 JavaThread "jar transforms Thread 4" [_thread_blocked, id=1620, stack(0x000000550ed00000,0x000000550ee00000)]
  0x000001ed36974800 JavaThread "jar transforms Thread 5" [_thread_blocked, id=7944, stack(0x000000550ee00000,0x000000550ef00000)]
  0x000001ed373c8000 JavaThread "jar transforms Thread 6" [_thread_blocked, id=12176, stack(0x000000550ef00000,0x000000550f000000)]
  0x000001ed373c7000 JavaThread "jar transforms Thread 7" [_thread_blocked, id=18668, stack(0x000000550f000000,0x000000550f100000)]
  0x000001ed373c8800 JavaThread "jar transforms Thread 8" [_thread_blocked, id=780, stack(0x000000550f100000,0x000000550f200000)]
  0x000001ed373c9800 JavaThread "jar transforms Thread 9" [_thread_blocked, id=15120, stack(0x000000550f200000,0x000000550f300000)]
  0x000001ed373c6000 JavaThread "jar transforms Thread 10" [_thread_blocked, id=15884, stack(0x000000550f300000,0x000000550f400000)]
  0x000001ed373ca000 JavaThread "jar transforms Thread 11" [_thread_blocked, id=1660, stack(0x000000550f400000,0x000000550f500000)]
  0x000001ed373c5800 JavaThread "jar transforms Thread 12" [_thread_blocked, id=8028, stack(0x000000550f500000,0x000000550f600000)]
  0x000001ed373c4800 JavaThread "jar transforms Thread 13" [_thread_blocked, id=7840, stack(0x000000550f600000,0x000000550f700000)]
  0x000001ed373d0800 JavaThread "jar transforms Thread 14" [_thread_blocked, id=19584, stack(0x000000550f700000,0x000000550f800000)]
  0x000001ed373cb000 JavaThread "jar transforms Thread 15" [_thread_blocked, id=15460, stack(0x000000550f800000,0x000000550f900000)]
  0x000001ed373ce800 JavaThread "jar transforms Thread 16" [_thread_blocked, id=180, stack(0x000000550f900000,0x000000550fa00000)]
  0x000001ed373d0000 JavaThread "jar transforms Thread 17" [_thread_blocked, id=3760, stack(0x000000550fa00000,0x000000550fb00000)]
  0x000001ed373cc000 JavaThread "jar transforms Thread 18" [_thread_blocked, id=19712, stack(0x000000550fb00000,0x000000550fc00000)]
  0x000001ed373d1800 JavaThread "jar transforms Thread 19" [_thread_blocked, id=9356, stack(0x000000550fc00000,0x000000550fd00000)]
  0x000001ed373d2800 JavaThread "jar transforms Thread 20" [_thread_blocked, id=4936, stack(0x000000550fd00000,0x000000550fe00000)]
  0x000001ed373cf000 JavaThread "jar transforms Thread 21" [_thread_blocked, id=1304, stack(0x000000550fe00000,0x000000550ff00000)]
  0x000001ed373cc800 JavaThread "jar transforms Thread 22" [_thread_blocked, id=18284, stack(0x000000550ff00000,0x0000005510000000)]
  0x000001ed373d3000 JavaThread "jar transforms Thread 23" [_thread_blocked, id=8692, stack(0x0000005510000000,0x0000005510100000)]
  0x000001ed373cd800 JavaThread "jar transforms Thread 24" [_thread_blocked, id=1924, stack(0x0000005510100000,0x0000005510200000)]
  0x000001ed39299000 JavaThread "jar transforms Thread 25" [_thread_blocked, id=784, stack(0x0000005510200000,0x0000005510300000)]
  0x000001ed3929a000 JavaThread "jar transforms Thread 26" [_thread_blocked, id=18520, stack(0x0000005510300000,0x0000005510400000)]
  0x000001ed39298800 JavaThread "jar transforms Thread 27" [_thread_blocked, id=9648, stack(0x0000005510400000,0x0000005510500000)]
  0x000001ed3929e000 JavaThread "jar transforms Thread 28" [_thread_blocked, id=13500, stack(0x0000005510500000,0x0000005510600000)]
  0x000001ed3929b800 JavaThread "jar transforms Thread 29" [_thread_blocked, id=6804, stack(0x0000005510600000,0x0000005510700000)]
  0x000001ed3929b000 JavaThread "jar transforms Thread 30" [_thread_blocked, id=17460, stack(0x0000005510700000,0x0000005510800000)]
  0x000001ed3929d000 JavaThread "jar transforms Thread 31" [_thread_blocked, id=7740, stack(0x0000005510800000,0x0000005510900000)]
  0x000001ed3929c800 JavaThread "jar transforms Thread 32" [_thread_blocked, id=11688, stack(0x0000005510900000,0x0000005510a00000)]
  0x000001ed392a4800 JavaThread "jar transforms Thread 33" [_thread_blocked, id=9332, stack(0x0000005510a00000,0x0000005510b00000)]
  0x000001ed392a3800 JavaThread "jar transforms Thread 34" [_thread_blocked, id=18892, stack(0x0000005510b00000,0x0000005510c00000)]
  0x000001ed3929f000 JavaThread "jar transforms Thread 35" [_thread_blocked, id=19976, stack(0x0000005510c00000,0x0000005510d00000)]
  0x000001ed392a5800 JavaThread "jar transforms Thread 36" [_thread_blocked, id=7932, stack(0x0000005510d00000,0x0000005510e00000)]
  0x000001ed392a0800 JavaThread "jar transforms Thread 37" [_thread_blocked, id=11040, stack(0x0000005510e00000,0x0000005510f00000)]
  0x000001ed392a1800 JavaThread "jar transforms Thread 38" [_thread_blocked, id=14144, stack(0x0000005510f00000,0x0000005511000000)]
  0x000001ed3929f800 JavaThread "jar transforms Thread 39" [_thread_blocked, id=9340, stack(0x0000005511000000,0x0000005511100000)]
  0x000001ed392a7000 JavaThread "jar transforms Thread 40" [_thread_blocked, id=9588, stack(0x0000005511100000,0x0000005511200000)]
  0x000001ed392a2000 JavaThread "jar transforms Thread 41" [_thread_blocked, id=6548, stack(0x0000005511200000,0x0000005511300000)]
  0x000001ed392a6000 JavaThread "jar transforms Thread 42" [_thread_blocked, id=9516, stack(0x0000005511300000,0x0000005511400000)]
  0x000001ed392a3000 JavaThread "jar transforms Thread 43" [_thread_blocked, id=20336, stack(0x0000005511400000,0x0000005511500000)]
  0x000001ed38e05800 JavaThread "jar transforms Thread 44" [_thread_blocked, id=11272, stack(0x0000005511500000,0x0000005511600000)]
  0x000001ed38e00000 JavaThread "jar transforms Thread 45" [_thread_blocked, id=19864, stack(0x0000005511600000,0x0000005511700000)]
  0x000001ed38e01000 JavaThread "jar transforms Thread 46" [_thread_blocked, id=13528, stack(0x0000005511700000,0x0000005511800000)]
  0x000001ed38e07800 JavaThread "jar transforms Thread 47" [_thread_blocked, id=19212, stack(0x0000005511800000,0x0000005511900000)]
  0x000001ed38e01800 JavaThread "Memory manager" [_thread_blocked, id=18228, stack(0x0000005511900000,0x0000005511a00000)]

Other Threads:
  0x000001ed31d4e000 VMThread "VM Thread" [stack: 0x000000550b900000,0x000000550ba00000] [id=20052]
  0x000001ed3277a800 WatcherThread [stack: 0x000000550c400000,0x000000550c500000] [id=6952]
  0x000001ed153ff800 GCTaskThread "GC Thread#0" [stack: 0x000000550b400000,0x000000550b500000] [id=18204]
  0x000001ed331ea000 GCTaskThread "GC Thread#1" [stack: 0x000000550c600000,0x000000550c700000] [id=15568]
  0x000001ed33204800 GCTaskThread "GC Thread#2" [stack: 0x000000550c700000,0x000000550c800000] [id=6108]
  0x000001ed3320d000 GCTaskThread "GC Thread#3" [stack: 0x000000550c800000,0x000000550c900000] [id=10580]
  0x000001ed3320d800 GCTaskThread "GC Thread#4" [stack: 0x000000550c900000,0x000000550ca00000] [id=17392]
  0x000001ed3320e800 GCTaskThread "GC Thread#5" [stack: 0x000000550ca00000,0x000000550cb00000] [id=15020]
  0x000001ed1540a800 ConcurrentGCThread "G1 Main Marker" [stack: 0x000000550b500000,0x000000550b600000] [id=5948]
  0x000001ed1540c000 ConcurrentGCThread "G1 Conc#0" [stack: 0x000000550b600000,0x000000550b700000] [id=9156]
  0x000001ed34ccb800 ConcurrentGCThread "G1 Conc#1" [stack: 0x000000550de00000,0x000000550df00000] [id=19868]
  0x000001ed31c4c800 ConcurrentGCThread "G1 Refine#0" [stack: 0x000000550b700000,0x000000550b800000] [id=18848]
  0x000001ed32838800 ConcurrentGCThread "G1 Refine#1" [stack: 0x000000550cb00000,0x000000550cc00000] [id=19880]
  0x000001ed373ef800 ConcurrentGCThread "G1 Refine#2" [stack: 0x000000550e400000,0x000000550e500000] [id=18048]
  0x000001ed31c4d800 ConcurrentGCThread "G1 Young RemSet Sampling" [stack: 0x000000550b800000,0x000000550b900000] [id=1880]

Threads with active compile tasks:
C2 CompilerThread0     3133 4553       4       java.io.ObjectOutputStream$BlockDataOutputStream::writeUTF (46 bytes)
C1 CompilerThread0     3133 4586       3       org.objectweb.asm.ClassWriter::toByteArray (1513 bytes)
C2 CompilerThread1     3133 4580       4       java.io.WinNTFileSystem::normalize (224 bytes)

VM state:not at safepoint (normal execution)

VM Mutex/Monitor currently owned by a thread: None

Heap address: 0x00000000c0000000, size: 1024 MB, Compressed Oops mode: 32-bit
Narrow klass base: 0x0000000800000000, Narrow klass shift: 3
Compressed class space size: 1073741824 Address: 0x0000000800b30000

Heap:
 garbage-first heap   total 93184K, used 45533K [0x00000000c0000000, 0x0000000100000000)
  region size 1024K, 19 young (19456K), 6 survivors (6144K)
 Metaspace       used 42874K, capacity 44162K, committed 44288K, reserved 1087488K
  class space    used 5928K, capacity 6375K, committed 6400K, reserved 1048576K
Heap Regions: E=young(eden), S=young(survivor), O=old, HS=humongous(starts), HC=humongous(continues), CS=collection set, F=free, OA=open archive, CA=closed archive, TAMS=top-at-mark-start (previous, next)
|   0|0x00000000c0000000, 0x00000000c0100000, 0x00000000c0100000|100%| O|  |TAMS 0x00000000c0100000, 0x00000000c0000000| Untracked 
|   1|0x00000000c0100000, 0x00000000c0200000, 0x00000000c0200000|100%| O|  |TAMS 0x00000000c0200000, 0x00000000c0100000| Untracked 
|   2|0x00000000c0200000, 0x00000000c02c8c00, 0x00000000c0300000| 78%| O|  |TAMS 0x00000000c02c8c00, 0x00000000c0200000| Untracked 
|   3|0x00000000c0300000, 0x00000000c0400000, 0x00000000c0400000|100%|HS|  |TAMS 0x00000000c0400000, 0x00000000c0300000| Complete 
|   4|0x00000000c0400000, 0x00000000c0500000, 0x00000000c0500000|100%|HC|  |TAMS 0x00000000c0500000, 0x00000000c0400000| Complete 
|   5|0x00000000c0500000, 0x00000000c0600000, 0x00000000c0600000|100%|HC|  |TAMS 0x00000000c0600000, 0x00000000c0500000| Complete 
|   6|0x00000000c0600000, 0x00000000c0700000, 0x00000000c0700000|100%| O|  |TAMS 0x00000000c0700000, 0x00000000c0600000| Untracked 
|   7|0x00000000c0700000, 0x00000000c0800000, 0x00000000c0800000|100%| O|  |TAMS 0x00000000c0800000, 0x00000000c0700000| Untracked 
|   8|0x00000000c0800000, 0x00000000c0900000, 0x00000000c0900000|100%| O|  |TAMS 0x00000000c0900000, 0x00000000c0800000| Untracked 
|   9|0x00000000c0900000, 0x00000000c0a00000, 0x00000000c0a00000|100%| O|  |TAMS 0x00000000c0900000, 0x00000000c0900000| Untracked 
|  10|0x00000000c0a00000, 0x00000000c0b00000, 0x00000000c0b00000|100%| O|  |TAMS 0x00000000c0a00000, 0x00000000c0a00000| Untracked 
|  11|0x00000000c0b00000, 0x00000000c0c00000, 0x00000000c0c00000|100%| O|  |TAMS 0x00000000c0b00000, 0x00000000c0b00000| Untracked 
|  12|0x00000000c0c00000, 0x00000000c0d00000, 0x00000000c0d00000|100%| O|  |TAMS 0x00000000c0d00000, 0x00000000c0c00000| Untracked 
|  13|0x00000000c0d00000, 0x00000000c0e00000, 0x00000000c0e00000|100%| O|  |TAMS 0x00000000c0e00000, 0x00000000c0d00000| Untracked 
|  14|0x00000000c0e00000, 0x00000000c0f00000, 0x00000000c0f00000|100%| O|  |TAMS 0x00000000c0f00000, 0x00000000c0e00000| Untracked 
|  15|0x00000000c0f00000, 0x00000000c1000000, 0x00000000c1000000|100%| O|  |TAMS 0x00000000c1000000, 0x00000000c0f00000| Untracked 
|  16|0x00000000c1000000, 0x00000000c1100000, 0x00000000c1100000|100%| O|  |TAMS 0x00000000c1100000, 0x00000000c1000000| Untracked 
|  17|0x00000000c1100000, 0x00000000c1200000, 0x00000000c1200000|100%| O|  |TAMS 0x00000000c1200000, 0x00000000c1100000| Untracked 
|  18|0x00000000c1200000, 0x00000000c1300000, 0x00000000c1300000|100%| O|  |TAMS 0x00000000c1300000, 0x00000000c1200000| Untracked 
|  19|0x00000000c1300000, 0x00000000c1400000, 0x00000000c1400000|100%| O|  |TAMS 0x00000000c1400000, 0x00000000c1300000| Untracked 
|  20|0x00000000c1400000, 0x00000000c1500000, 0x00000000c1500000|100%| O|  |TAMS 0x00000000c1435600, 0x00000000c1400000| Untracked 
|  21|0x00000000c1500000, 0x00000000c1600000, 0x00000000c1600000|100%| O|  |TAMS 0x00000000c1500000, 0x00000000c1500000| Untracked 
|  22|0x00000000c1600000, 0x00000000c1700000, 0x00000000c1700000|100%| O|  |TAMS 0x00000000c1600000, 0x00000000c1600000| Untracked 
|  23|0x00000000c1700000, 0x00000000c17f5000, 0x00000000c1800000| 95%| O|  |TAMS 0x00000000c1700000, 0x00000000c1700000| Untracked 
|  24|0x00000000c1800000, 0x00000000c1800000, 0x00000000c1900000|  0%| F|  |TAMS 0x00000000c1800000, 0x00000000c1800000| Untracked 
|  25|0x00000000c1900000, 0x00000000c1900000, 0x00000000c1a00000|  0%| F|  |TAMS 0x00000000c1900000, 0x00000000c1900000| Untracked 
|  26|0x00000000c1a00000, 0x00000000c1a00000, 0x00000000c1b00000|  0%| F|  |TAMS 0x00000000c1a00000, 0x00000000c1a00000| Untracked 
|  27|0x00000000c1b00000, 0x00000000c1b00000, 0x00000000c1c00000|  0%| F|  |TAMS 0x00000000c1b00000, 0x00000000c1b00000| Untracked 
|  28|0x00000000c1c00000, 0x00000000c1c00000, 0x00000000c1d00000|  0%| F|  |TAMS 0x00000000c1c00000, 0x00000000c1c00000| Untracked 
|  29|0x00000000c1d00000, 0x00000000c1d00000, 0x00000000c1e00000|  0%| F|  |TAMS 0x00000000c1d00000, 0x00000000c1d00000| Untracked 
|  30|0x00000000c1e00000, 0x00000000c1e00000, 0x00000000c1f00000|  0%| F|  |TAMS 0x00000000c1e00000, 0x00000000c1e00000| Untracked 
|  31|0x00000000c1f00000, 0x00000000c1f00000, 0x00000000c2000000|  0%| F|  |TAMS 0x00000000c1f00000, 0x00000000c1f00000| Untracked 
|  32|0x00000000c2000000, 0x00000000c2000000, 0x00000000c2100000|  0%| F|  |TAMS 0x00000000c2000000, 0x00000000c2000000| Untracked 
|  33|0x00000000c2100000, 0x00000000c2100000, 0x00000000c2200000|  0%| F|  |TAMS 0x00000000c2100000, 0x00000000c2100000| Untracked 
|  34|0x00000000c2200000, 0x00000000c2200000, 0x00000000c2300000|  0%| F|  |TAMS 0x00000000c2200000, 0x00000000c2200000| Untracked 
|  35|0x00000000c2300000, 0x00000000c2300000, 0x00000000c2400000|  0%| F|  |TAMS 0x00000000c2300000, 0x00000000c2300000| Untracked 
|  36|0x00000000c2400000, 0x00000000c2400000, 0x00000000c2500000|  0%| F|  |TAMS 0x00000000c2400000, 0x00000000c2400000| Untracked 
|  37|0x00000000c2500000, 0x00000000c25b9bf0, 0x00000000c2600000| 72%| S|CS|TAMS 0x00000000c2500000, 0x00000000c2500000| Complete 
|  38|0x00000000c2600000, 0x00000000c2600000, 0x00000000c2700000|  0%| F|  |TAMS 0x00000000c2600000, 0x00000000c2600000| Untracked 
|  39|0x00000000c2700000, 0x00000000c2700000, 0x00000000c2800000|  0%| F|  |TAMS 0x00000000c2700000, 0x00000000c2700000| Untracked 
|  40|0x00000000c2800000, 0x00000000c2800000, 0x00000000c2900000|  0%| F|  |TAMS 0x00000000c2800000, 0x00000000c2800000| Untracked 
|  41|0x00000000c2900000, 0x00000000c2900000, 0x00000000c2a00000|  0%| F|  |TAMS 0x00000000c2900000, 0x00000000c2900000| Untracked 
|  42|0x00000000c2a00000, 0x00000000c2b00000, 0x00000000c2b00000|100%| S|CS|TAMS 0x00000000c2a00000, 0x00000000c2a00000| Complete 
|  43|0x00000000c2b00000, 0x00000000c2c00000, 0x00000000c2c00000|100%| S|CS|TAMS 0x00000000c2b00000, 0x00000000c2b00000| Complete 
|  44|0x00000000c2c00000, 0x00000000c2d00000, 0x00000000c2d00000|100%| S|CS|TAMS 0x00000000c2c00000, 0x00000000c2c00000| Complete 
|  45|0x00000000c2d00000, 0x00000000c2e00000, 0x00000000c2e00000|100%| S|CS|TAMS 0x00000000c2d00000, 0x00000000c2d00000| Complete 
|  46|0x00000000c2e00000, 0x00000000c2f00000, 0x00000000c2f00000|100%| S|CS|TAMS 0x00000000c2e00000, 0x00000000c2e00000| Complete 
|  47|0x00000000c2f00000, 0x00000000c2f00000, 0x00000000c3000000|  0%| F|  |TAMS 0x00000000c2f00000, 0x00000000c2f00000| Untracked 
|  48|0x00000000c3000000, 0x00000000c3000000, 0x00000000c3100000|  0%| F|  |TAMS 0x00000000c3000000, 0x00000000c3000000| Untracked 
|  49|0x00000000c3100000, 0x00000000c3100000, 0x00000000c3200000|  0%| F|  |TAMS 0x00000000c3100000, 0x00000000c3100000| Untracked 
|  50|0x00000000c3200000, 0x00000000c3200000, 0x00000000c3300000|  0%| F|  |TAMS 0x00000000c3200000, 0x00000000c3200000| Untracked 
|  51|0x00000000c3300000, 0x00000000c3300000, 0x00000000c3400000|  0%| F|  |TAMS 0x00000000c3300000, 0x00000000c3300000| Untracked 
|  52|0x00000000c3400000, 0x00000000c3400000, 0x00000000c3500000|  0%| F|  |TAMS 0x00000000c3400000, 0x00000000c3400000| Untracked 
|  53|0x00000000c3500000, 0x00000000c3500000, 0x00000000c3600000|  0%| F|  |TAMS 0x00000000c3500000, 0x00000000c3500000| Untracked 
|  54|0x00000000c3600000, 0x00000000c3600000, 0x00000000c3700000|  0%| F|  |TAMS 0x00000000c3600000, 0x00000000c3600000| Untracked 
|  55|0x00000000c3700000, 0x00000000c3700000, 0x00000000c3800000|  0%| F|  |TAMS 0x00000000c3700000, 0x00000000c3700000| Untracked 
|  56|0x00000000c3800000, 0x00000000c3800000, 0x00000000c3900000|  0%| F|  |TAMS 0x00000000c3800000, 0x00000000c3800000| Untracked 
|  57|0x00000000c3900000, 0x00000000c3900000, 0x00000000c3a00000|  0%| F|  |TAMS 0x00000000c3900000, 0x00000000c3900000| Untracked 
|  58|0x00000000c3a00000, 0x00000000c3a00000, 0x00000000c3b00000|  0%| F|  |TAMS 0x00000000c3a00000, 0x00000000c3a00000| Untracked 
|  59|0x00000000c3b00000, 0x00000000c3b00000, 0x00000000c3c00000|  0%| F|  |TAMS 0x00000000c3b00000, 0x00000000c3b00000| Untracked 
|  60|0x00000000c3c00000, 0x00000000c3c00000, 0x00000000c3d00000|  0%| F|  |TAMS 0x00000000c3c00000, 0x00000000c3c00000| Untracked 
|  61|0x00000000c3d00000, 0x00000000c3d00000, 0x00000000c3e00000|  0%| F|  |TAMS 0x00000000c3d00000, 0x00000000c3d00000| Untracked 
|  62|0x00000000c3e00000, 0x00000000c3e00000, 0x00000000c3f00000|  0%| F|  |TAMS 0x00000000c3e00000, 0x00000000c3e00000| Untracked 
|  63|0x00000000c3f00000, 0x00000000c3f00000, 0x00000000c4000000|  0%| F|  |TAMS 0x00000000c3f00000, 0x00000000c3f00000| Untracked 
|  64|0x00000000c4000000, 0x00000000c4000000, 0x00000000c4100000|  0%| F|  |TAMS 0x00000000c4000000, 0x00000000c4000000| Untracked 
|  65|0x00000000c4100000, 0x00000000c4100000, 0x00000000c4200000|  0%| F|  |TAMS 0x00000000c4100000, 0x00000000c4100000| Untracked 
|  66|0x00000000c4200000, 0x00000000c4200000, 0x00000000c4300000|  0%| F|  |TAMS 0x00000000c4200000, 0x00000000c4200000| Untracked 
|  67|0x00000000c4300000, 0x00000000c4300000, 0x00000000c4400000|  0%| F|  |TAMS 0x00000000c4300000, 0x00000000c4300000| Untracked 
|  68|0x00000000c4400000, 0x00000000c4400000, 0x00000000c4500000|  0%| F|  |TAMS 0x00000000c4400000, 0x00000000c4400000| Untracked 
|  69|0x00000000c4500000, 0x00000000c4500000, 0x00000000c4600000|  0%| F|  |TAMS 0x00000000c4500000, 0x00000000c4500000| Untracked 
|  70|0x00000000c4600000, 0x00000000c4600000, 0x00000000c4700000|  0%| F|  |TAMS 0x00000000c4600000, 0x00000000c4600000| Untracked 
|  71|0x00000000c4700000, 0x00000000c4700000, 0x00000000c4800000|  0%| F|  |TAMS 0x00000000c4700000, 0x00000000c4700000| Untracked 
|  72|0x00000000c4800000, 0x00000000c4800000, 0x00000000c4900000|  0%| F|  |TAMS 0x00000000c4800000, 0x00000000c4800000| Untracked 
|  73|0x00000000c4900000, 0x00000000c4900000, 0x00000000c4a00000|  0%| F|  |TAMS 0x00000000c4900000, 0x00000000c4900000| Untracked 
|  74|0x00000000c4a00000, 0x00000000c4a80800, 0x00000000c4b00000| 50%| E|  |TAMS 0x00000000c4a00000, 0x00000000c4a00000| Complete 
| 105|0x00000000c6900000, 0x00000000c6a00000, 0x00000000c6a00000|100%| E|CS|TAMS 0x00000000c6900000, 0x00000000c6900000| Complete 
| 106|0x00000000c6a00000, 0x00000000c6b00000, 0x00000000c6b00000|100%| E|CS|TAMS 0x00000000c6a00000, 0x00000000c6a00000| Complete 
| 107|0x00000000c6b00000, 0x00000000c6c00000, 0x00000000c6c00000|100%| E|CS|TAMS 0x00000000c6b00000, 0x00000000c6b00000| Complete 
| 108|0x00000000c6c00000, 0x00000000c6d00000, 0x00000000c6d00000|100%| E|CS|TAMS 0x00000000c6c00000, 0x00000000c6c00000| Complete 
| 109|0x00000000c6d00000, 0x00000000c6e00000, 0x00000000c6e00000|100%| E|CS|TAMS 0x00000000c6d00000, 0x00000000c6d00000| Complete 
| 110|0x00000000c6e00000, 0x00000000c6f00000, 0x00000000c6f00000|100%| E|CS|TAMS 0x00000000c6e00000, 0x00000000c6e00000| Complete 
| 111|0x00000000c6f00000, 0x00000000c7000000, 0x00000000c7000000|100%| E|CS|TAMS 0x00000000c6f00000, 0x00000000c6f00000| Complete 
| 112|0x00000000c7000000, 0x00000000c7100000, 0x00000000c7100000|100%| E|CS|TAMS 0x00000000c7000000, 0x00000000c7000000| Complete 
| 113|0x00000000c7100000, 0x00000000c7200000, 0x00000000c7200000|100%| E|CS|TAMS 0x00000000c7100000, 0x00000000c7100000| Complete 
| 114|0x00000000c7200000, 0x00000000c7300000, 0x00000000c7300000|100%| E|CS|TAMS 0x00000000c7200000, 0x00000000c7200000| Complete 
| 115|0x00000000c7300000, 0x00000000c7400000, 0x00000000c7400000|100%| E|CS|TAMS 0x00000000c7300000, 0x00000000c7300000| Complete 
| 116|0x00000000c7400000, 0x00000000c7500000, 0x00000000c7500000|100%| E|CS|TAMS 0x00000000c7400000, 0x00000000c7400000| Complete 
| 255|0x00000000cff00000, 0x00000000d0000000, 0x00000000d0000000|100%| E|CS|TAMS 0x00000000cff00000, 0x00000000cff00000| Complete 
|1021|0x00000000ffd00000, 0x00000000ffe00000, 0x00000000ffe00000|100%| O|  |TAMS 0x00000000ffe00000, 0x00000000ffd00000| Untracked 
|1022|0x00000000ffe00000, 0x00000000fff00000, 0x00000000fff00000|100%| O|  |TAMS 0x00000000fff00000, 0x00000000ffe00000| Untracked 
|1023|0x00000000fff00000, 0x0000000100000000, 0x0000000100000000|100%| O|  |TAMS 0x0000000100000000, 0x00000000fff00000| Untracked 

Card table byte_map: [0x000001ed2d150000,0x000001ed2d350000] _byte_map_base: 0x000001ed2cb50000

Marking Bits (Prev, Next): (CMBitMap*) 0x000001ed154001b8, (CMBitMap*) 0x000001ed154001f8
 Prev Bits: [0x000001ed2d550000, 0x000001ed2e550000)
 Next Bits: [0x000001ed2e550000, 0x000001ed2f550000)

Polling page: 0x000001ed13300000

Metaspace:

Usage:
  Non-class:     36.90 MB capacity,    36.09 MB ( 98%) used,   711.95 KB (  2%) free+waste,   114.31 KB ( <1%) overhead. 
      Class:      6.23 MB capacity,     5.79 MB ( 93%) used,   385.47 KB (  6%) free+waste,    57.88 KB ( <1%) overhead. 
       Both:     43.13 MB capacity,    41.89 MB ( 97%) used,     1.07 MB (  2%) free+waste,   172.19 KB ( <1%) overhead. 

Virtual space:
  Non-class space:       38.00 MB reserved,      37.00 MB ( 97%) committed 
      Class space:        1.00 GB reserved,       6.25 MB ( <1%) committed 
             Both:        1.04 GB reserved,      43.25 MB (  4%) committed 

Chunk freelists:
   Non-Class:  37.00 KB
       Class:  25.00 KB
        Both:  62.00 KB

MaxMetaspaceSize: 17179869184.00 GB
CompressedClassSpaceSize: 1.00 GB

CodeHeap 'non-profiled nmethods': size=120000Kb used=2822Kb max_used=2822Kb free=117177Kb
 bounds [0x000001ed25910000, 0x000001ed25be0000, 0x000001ed2ce40000]
CodeHeap 'profiled nmethods': size=120000Kb used=9812Kb max_used=9812Kb free=110187Kb
 bounds [0x000001ed1e3e0000, 0x000001ed1ed80000, 0x000001ed25910000]
CodeHeap 'non-nmethods': size=5760Kb used=2336Kb max_used=2382Kb free=3423Kb
 bounds [0x000001ed1de40000, 0x000001ed1e0b0000, 0x000001ed1e3e0000]
 total_blobs=5396 nmethods=4581 adapters=727
 compilation: enabled
              stopped_count=0, restarted_count=0
 full_count=0

Compilation events (20 events):
Event: 3.099 Thread 0x000001ed31d7b000 nmethod 4551 0x000001ed1ed4b010 code [0x000001ed1ed4b220, 0x000001ed1ed4b828]
Event: 3.099 Thread 0x000001ed31d7b000 4552       3       org.gradle.internal.ImmutableActionSet::empty (10 bytes)
Event: 3.099 Thread 0x000001ed31d7b000 nmethod 4552 0x000001ed1ed4bc90 code [0x000001ed1ed4be20, 0x000001ed1ed4bf58]
Event: 3.099 Thread 0x000001ed31d7b000 4549       3       org.gradle.launcher.daemon.server.exec.DaemonConnectionBackedEventConsumer$ForwardEvents::moreMessagesToSend (35 bytes)
Event: 3.099 Thread 0x000001ed31d7b000 nmethod 4549 0x000001ed1ed4c010 code [0x000001ed1ed4c1c0, 0x000001ed1ed4c4a8]
Event: 3.099 Thread 0x000001ed31d7b000 4550   !   3       org.gradle.launcher.daemon.server.exec.DaemonConnectionBackedEventConsumer$ForwardEvents::getNextEvent (27 bytes)
Event: 3.099 Thread 0x000001ed31d7b000 nmethod 4550 0x000001ed1ed4c590 code [0x000001ed1ed4c740, 0x000001ed1ed4c9c8]
Event: 3.099 Thread 0x000001ed31d7b000 4554       1       org.gradle.api.internal.collections.DefaultCollectionEventRegister::getAddActions (5 bytes)
Event: 3.099 Thread 0x000001ed31d7b000 nmethod 4554 0x000001ed25bcb490 code [0x000001ed25bcb620, 0x000001ed25bcb6f8]
Event: 3.099 Thread 0x000001ed31d7a000 nmethod 4545 0x000001ed25bcb790 code [0x000001ed25bcb9a0, 0x000001ed25bcbef8]
Event: 3.099 Thread 0x000001ed31d7a000 4553       4       java.io.ObjectOutputStream$BlockDataOutputStream::writeUTF (46 bytes)
Event: 3.101 Thread 0x000001ed31d7b000 4556       3       org.gradle.internal.operations.DefaultBuildOperationAncestryTracker::findClosestMatchingAncestor (42 bytes)
Event: 3.101 Thread 0x000001ed31d7b000 nmethod 4556 0x000001ed1ed4cb10 code [0x000001ed1ed4cd40, 0x000001ed1ed4d5b8]
Event: 3.101 Thread 0x000001ed31d7b000 4557       3       org.gradle.internal.operations.DefaultBuildOperationAncestryTracker::findClosestExistingAncestor (44 bytes)
Event: 3.101 Thread 0x000001ed31d7b000 nmethod 4557 0x000001ed1ed4d890 code [0x000001ed1ed4dac0, 0x000001ed1ed4e338]
Event: 3.102 Thread 0x000001ed31d7b000 4558       3       com.google.common.collect.ImmutableCollection$Builder::expandedCapacity (45 bytes)
Event: 3.102 Thread 0x000001ed31d7b000 nmethod 4558 0x000001ed1ed4e610 code [0x000001ed1ed4e7e0, 0x000001ed1ed4eaf8]
Event: 3.103 Thread 0x000001ed31d7b000 4559       3       com.google.common.collect.SingletonImmutableSet::iterator (8 bytes)
Event: 3.103 Thread 0x000001ed31d7b000 nmethod 4559 0x000001ed1ed4ec90 code [0x000001ed1ed4ee40, 0x000001ed1ed4f198]
Event: 3.103 Thread 0x000001ed31d7b000 4561       3       com.google.common.reflect.TypeResolver$TypeTable::resolveInternal (105 bytes)

GC Heap History (16 events):
Event: 0.373 GC heap before
{Heap before GC invocations=0 (full 0):
 garbage-first heap   total 262144K, used 26624K [0x00000000c0000000, 0x0000000100000000)
  region size 1024K, 21 young (21504K), 0 survivors (0K)
 Metaspace       used 3206K, capacity 6181K, committed 6400K, reserved 1056768K
  class space    used 417K, capacity 699K, committed 768K, reserved 1048576K
}
Event: 0.377 GC heap after
{Heap after GC invocations=1 (full 0):
 garbage-first heap   total 262144K, used 9114K [0x00000000c0000000, 0x0000000100000000)
  region size 1024K, 3 young (3072K), 3 survivors (3072K)
 Metaspace       used 3206K, capacity 6181K, committed 6400K, reserved 1056768K
  class space    used 417K, capacity 699K, committed 768K, reserved 1048576K
}
Event: 0.596 GC heap before
{Heap before GC invocations=1 (full 0):
 garbage-first heap   total 262144K, used 32666K [0x00000000c0000000, 0x0000000100000000)
  region size 1024K, 27 young (27648K), 3 survivors (3072K)
 Metaspace       used 4105K, capacity 6750K, committed 7040K, reserved 1056768K
  class space    used 516K, capacity 803K, committed 896K, reserved 1048576K
}
Event: 0.597 GC heap after
{Heap after GC invocations=2 (full 0):
 garbage-first heap   total 262144K, used 11471K [0x00000000c0000000, 0x0000000100000000)
  region size 1024K, 3 young (3072K), 3 survivors (3072K)
 Metaspace       used 4105K, capacity 6750K, committed 7040K, reserved 1056768K
  class space    used 516K, capacity 803K, committed 896K, reserved 1048576K
}
Event: 1.718 GC heap before
{Heap before GC invocations=2 (full 0):
 garbage-first heap   total 262144K, used 148687K [0x00000000c0000000, 0x0000000100000000)
  region size 1024K, 139 young (142336K), 3 survivors (3072K)
 Metaspace       used 20384K, capacity 21170K, committed 21248K, reserved 1067008K
  class space    used 2991K, capacity 3270K, committed 3328K, reserved 1048576K
}
Event: 1.724 GC heap after
{Heap after GC invocations=3 (full 0):
 garbage-first heap   total 262144K, used 20683K [0x00000000c0000000, 0x0000000100000000)
  region size 1024K, 12 young (12288K), 12 survivors (12288K)
 Metaspace       used 20384K, capacity 21170K, committed 21248K, reserved 1067008K
  class space    used 2991K, capacity 3270K, committed 3328K, reserved 1048576K
}
Event: 2.099 GC heap before
{Heap before GC invocations=4 (full 0):
 garbage-first heap   total 75776K, used 74955K [0x00000000c0000000, 0x0000000100000000)
  region size 1024K, 65 young (66560K), 12 survivors (12288K)
 Metaspace       used 28414K, capacity 29372K, committed 29568K, reserved 1075200K
  class space    used 4061K, capacity 4407K, committed 4480K, reserved 1048576K
}
Event: 2.105 GC heap after
{Heap after GC invocations=5 (full 0):
 garbage-first heap   total 93184K, used 24656K [0x00000000c0000000, 0x0000000100000000)
  region size 1024K, 14 young (14336K), 14 survivors (14336K)
 Metaspace       used 28414K, capacity 29372K, committed 29568K, reserved 1075200K
  class space    used 4061K, capacity 4407K, committed 4480K, reserved 1048576K
}
Event: 2.327 GC heap before
{Heap before GC invocations=5 (full 0):
 garbage-first heap   total 93184K, used 67664K [0x00000000c0000000, 0x0000000100000000)
  region size 1024K, 54 young (55296K), 14 survivors (14336K)
 Metaspace       used 31557K, capacity 32598K, committed 32640K, reserved 1077248K
  class space    used 4386K, capacity 4735K, committed 4736K, reserved 1048576K
}
Event: 2.332 GC heap after
{Heap after GC invocations=6 (full 0):
 garbage-first heap   total 93184K, used 26957K [0x00000000c0000000, 0x0000000100000000)
  region size 1024K, 7 young (7168K), 7 survivors (7168K)
 Metaspace       used 31557K, capacity 32598K, committed 32640K, reserved 1077248K
  class space    used 4386K, capacity 4735K, committed 4736K, reserved 1048576K
}
Event: 2.515 GC heap before
{Heap before GC invocations=6 (full 0):
 garbage-first heap   total 93184K, used 59725K [0x00000000c0000000, 0x0000000100000000)
  region size 1024K, 40 young (40960K), 7 survivors (7168K)
 Metaspace       used 34749K, capacity 35809K, committed 35840K, reserved 1079296K
  class space    used 4740K, capacity 5096K, committed 5120K, reserved 1048576K
}
Event: 2.518 GC heap after
{Heap after GC invocations=7 (full 0):
 garbage-first heap   total 93184K, used 29016K [0x00000000c0000000, 0x0000000100000000)
  region size 1024K, 5 young (5120K), 5 survivors (5120K)
 Metaspace       used 34749K, capacity 35809K, committed 35840K, reserved 1079296K
  class space    used 4740K, capacity 5096K, committed 5120K, reserved 1048576K
}
Event: 2.731 GC heap before
{Heap before GC invocations=8 (full 0):
 garbage-first heap   total 93184K, used 71000K [0x00000000c0000000, 0x0000000100000000)
  region size 1024K, 46 young (47104K), 5 survivors (5120K)
 Metaspace       used 38154K, capacity 39277K, committed 39552K, reserved 1083392K
  class space    used 5259K, capacity 5661K, committed 5760K, reserved 1048576K
}
Event: 2.735 GC heap after
{Heap after GC invocations=9 (full 0):
 garbage-first heap   total 93184K, used 30615K [0x00000000c0000000, 0x0000000100000000)
  region size 1024K, 4 young (4096K), 4 survivors (4096K)
 Metaspace       used 38154K, capacity 39277K, committed 39552K, reserved 1083392K
  class space    used 5259K, capacity 5661K, committed 5760K, reserved 1048576K
}
Event: 3.058 GC heap before
{Heap before GC invocations=9 (full 0):
 garbage-first heap   total 93184K, used 72599K [0x00000000c0000000, 0x0000000100000000)
  region size 1024K, 45 young (46080K), 4 survivors (4096K)
 Metaspace       used 41894K, capacity 43180K, committed 43392K, reserved 1087488K
  class space    used 5786K, capacity 6241K, committed 6272K, reserved 1048576K
}
Event: 3.061 GC heap after
{Heap after GC invocations=10 (full 0):
 garbage-first heap   total 93184K, used 33245K [0x00000000c0000000, 0x0000000100000000)
  region size 1024K, 6 young (6144K), 6 survivors (6144K)
 Metaspace       used 41894K, capacity 43180K, committed 43392K, reserved 1087488K
  class space    used 5786K, capacity 6241K, committed 6272K, reserved 1048576K
}

Deoptimization events (20 events):
Event: 2.824 Thread 0x000001ed3696b800 DEOPT UNPACKING pc=0x000001ed1de8912f sp=0x000000550e6fe440 mode 2
Event: 2.824 Thread 0x000001ed36976000 DEOPT UNPACKING pc=0x000001ed1de8912f sp=0x000000550e8fe5d0 mode 2
Event: 2.824 Thread 0x000001ed36977800 Uncommon trap: trap_request=0xffffff45 fr.pc=0x000001ed259b1958 relative=0x0000000000000158
Event: 2.824 Thread 0x000001ed36977800 Uncommon trap: reason=unstable_if action=reinterpret pc=0x000001ed259b1958 method=java.util.concurrent.ConcurrentHashMap.addCount(JI)V @ 7 c2
Event: 2.824 Thread 0x000001ed36977800 DEOPT PACKING pc=0x000001ed259b1958 sp=0x000000550e7fe400
Event: 2.824 Thread 0x000001ed36977800 DEOPT UNPACKING pc=0x000001ed1de8912f sp=0x000000550e7fe360 mode 2
Event: 2.919 Thread 0x000001ed34b10800 DEOPT PACKING pc=0x000001ed1ecbc682 sp=0x000000550d4f8de0
Event: 2.919 Thread 0x000001ed34b10800 DEOPT UNPACKING pc=0x000001ed1de8964e sp=0x000000550d4f8378 mode 0
Event: 2.965 Thread 0x000001ed34b10800 DEOPT PACKING pc=0x000001ed1e4773f4 sp=0x000000550d4f1700
Event: 2.965 Thread 0x000001ed34b10800 DEOPT UNPACKING pc=0x000001ed1de8964e sp=0x000000550d4f0c50 mode 0
Event: 3.001 Thread 0x000001ed34b10800 Uncommon trap: trap_request=0xffffff45 fr.pc=0x000001ed25b0f264 relative=0x0000000000006724
Event: 3.001 Thread 0x000001ed34b10800 Uncommon trap: reason=unstable_if action=reinterpret pc=0x000001ed25b0f264 method=org.objectweb.asm.Frame.execute(IILorg/objectweb/asm/Symbol;Lorg/objectweb/asm/SymbolTable;)V @ 1 c2
Event: 3.001 Thread 0x000001ed34b10800 DEOPT PACKING pc=0x000001ed25b0f264 sp=0x000000550d4f56b0
Event: 3.001 Thread 0x000001ed34b10800 DEOPT UNPACKING pc=0x000001ed1de8912f sp=0x000000550d4f5658 mode 2
Event: 3.021 Thread 0x000001ed34b10800 Uncommon trap: trap_request=0xffffff76 fr.pc=0x000001ed25b20848 relative=0x0000000000000168
Event: 3.021 Thread 0x000001ed34b10800 Uncommon trap: reason=predicate action=maybe_recompile pc=0x000001ed25b20848 method=java.util.Arrays.binarySearch0([Ljava/lang/Object;IILjava/lang/Object;Ljava/util/Comparator;)I @ 25 c2
Event: 3.021 Thread 0x000001ed34b10800 DEOPT PACKING pc=0x000001ed25b20848 sp=0x000000550d4f5200
Event: 3.021 Thread 0x000001ed34b10800 DEOPT UNPACKING pc=0x000001ed1de8912f sp=0x000000550d4f5168 mode 2
Event: 3.066 Thread 0x000001ed34b10800 DEOPT PACKING pc=0x000001ed1eb2dc81 sp=0x000000550d4f6580
Event: 3.066 Thread 0x000001ed34b10800 DEOPT UNPACKING pc=0x000001ed1de8964e sp=0x000000550d4f5a78 mode 0

Classes unloaded (0 events):
No events

Classes redefined (0 events):
No events

Internal exceptions (20 events):
Event: 2.702 Thread 0x000001ed34b10800 Exception <a 'java/lang/NoSuchMethodError'{0x00000000c2d527d0}: 'java.lang.Object java.lang.invoke.DirectMethodHandle$Holder.invokeStatic(java.lang.Object, java.lang.Object, int, java.lang.Object)'> (0x00000000c2d527d0) 
thrown [./src/hotspot/share/interpreter/linkResolver.cpp, line 766]
Event: 2.702 Thread 0x000001ed34b10800 Exception <a 'java/lang/NoSuchMethodError'{0x00000000c2d563b8}: 'java.lang.Object java.lang.invoke.Invokers$Holder.linkToTargetMethod(java.lang.Object, int, java.lang.Object, java.lang.Object)'> (0x00000000c2d563b8) 
thrown [./src/hotspot/share/interpreter/linkResolver.cpp, line 766]
Event: 2.714 Thread 0x000001ed34b10800 Exception <a 'java/lang/NoSuchMethodError'{0x00000000c2c67a78}: 'java.lang.Object java.lang.invoke.DelegatingMethodHandle$Holder.reinvoke_L(java.lang.Object, java.lang.Object, java.lang.Object, java.lang.Object, java.lang.Object, java.lang.Object, java.lang.Object, java.lang.Object, java.lang.Object, java.lang.Object, java.lang.Object, java.lang.Object, java.lang.Object, java.lang.Object, java.lang.Object, java.lang.Object, java.lang.Object, java.lang.Object, java.lang.Object)'> (0x00000000c2c67a78) 
throw
Event: 2.714 Thread 0x000001ed34b10800 Exception <a 'java/lang/NoSuchMethodError'{0x00000000c2c715b0}: 'java.lang.Object java.lang.invoke.DirectMethodHandle$Holder.invokeSpecial(java.lang.Object, java.lang.Object, java.lang.Object, java.lang.Object, java.lang.Object, java.lang.Object, java.lang.Object, java.lang.Object, java.lang.Object, java.lang.Object, java.lang.Object, java.lang.Object, java.lang.Object, java.lang.Object, java.lang.Object, java.lang.Object, java.lang.Object, java.lang.Object, java.lang.Object)'> (0x00000000c2c715b0) 
thrown
Event: 2.715 Thread 0x000001ed34b10800 Exception <a 'java/lang/NoSuchMethodError'{0x00000000c2c766a0}: 'java.lang.Object java.lang.invoke.Invokers$Holder.invoker(java.lang.Object, java.lang.Object, java.lang.Object, java.lang.Object, java.lang.Object, java.lang.Object, java.lang.Object, java.lang.Object, java.lang.Object, java.lang.Object, java.lang.Object, java.lang.Object, java.lang.Object, java.lang.Object, java.lang.Object, java.lang.Object, java.lang.Object, java.lang.Object, java.lang.Object)'> (0x00000000c2c766a0) 
thrown [./src/hotspot/
Event: 2.715 Thread 0x000001ed34b10800 Exception <a 'java/lang/NoSuchMethodError'{0x00000000c2c7c860}: 'java.lang.Object java.lang.invoke.DelegatingMethodHandle$Holder.delegate(java.lang.Object, java.lang.Object, java.lang.Object, java.lang.Object, java.lang.Object, java.lang.Object, java.lang.Object, java.lang.Object, java.lang.Object, java.lang.Object, java.lang.Object, java.lang.Object, java.lang.Object, java.lang.Object, java.lang.Object, java.lang.Object, java.lang.Object, java.lang.Object, java.lang.Object)'> (0x00000000c2c7c860) 
thrown 
Event: 2.719 Thread 0x000001ed34b10800 Exception <a 'java/lang/NoSuchMethodError'{0x00000000c2ce6fc0}: 'java.lang.Object java.lang.invoke.DirectMethodHandle$Holder.invokeStatic(java.lang.Object, java.lang.Object, java.lang.Object, java.lang.Object, java.lang.Object, java.lang.Object, java.lang.Object, java.lang.Object, java.lang.Object, java.lang.Object, java.lang.Object, java.lang.Object, java.lang.Object, java.lang.Object, java.lang.Object)'> (0x00000000c2ce6fc0) 
thrown [./src/hotspot/share/interpreter/linkResolver.cpp, line 766]
Event: 2.720 Thread 0x000001ed34b10800 Exception <a 'java/lang/NoSuchMethodError'{0x00000000c2cf5218}: 'java.lang.Object java.lang.invoke.DirectMethodHandle$Holder.invokeStatic(java.lang.Object, java.lang.Object, java.lang.Object, java.lang.Object, java.lang.Object, java.lang.Object, java.lang.Object, java.lang.Object, java.lang.Object, java.lang.Object, java.lang.Object, java.lang.Object, java.lang.Object, java.lang.Object, java.lang.Object, java.lang.Object)'> (0x00000000c2cf5218) 
thrown [./src/hotspot/share/interpreter/linkResolver.cpp, lin
Event: 2.721 Thread 0x000001ed34b10800 Exception <a 'java/lang/NoSuchMethodError'{0x00000000c2b1c070}: 'java.lang.Object java.lang.invoke.DirectMethodHandle$Holder.invokeStatic(java.lang.Object, java.lang.Object, java.lang.Object, java.lang.Object, java.lang.Object, java.lang.Object, java.lang.Object, java.lang.Object, java.lang.Object, java.lang.Object, java.lang.Object, java.lang.Object, java.lang.Object, java.lang.Object, java.lang.Object, java.lang.Object, java.lang.Object)'> (0x00000000c2b1c070) 
thrown [./src/hotspot/share/interpreter/lin
Event: 2.722 Thread 0x000001ed34b10800 Exception <a 'java/lang/NoSuchMethodError'{0x00000000c2b41b70}: 'java.lang.Object java.lang.invoke.DirectMethodHandle$Holder.invokeStatic(java.lang.Object, java.lang.Object, java.lang.Object, java.lang.Object, java.lang.Object, java.lang.Object, java.lang.Object, java.lang.Object, java.lang.Object, java.lang.Object, java.lang.Object, java.lang.Object, java.lang.Object, java.lang.Object, java.lang.Object, java.lang.Object, java.lang.Object, java.lang.Object)'> (0x00000000c2b41b70) 
thrown [./src/hotspot/sha
Event: 2.722 Thread 0x000001ed34b10800 Exception <a 'java/lang/NoSuchMethodError'{0x00000000c2b687c0}: 'java.lang.Object java.lang.invoke.DirectMethodHandle$Holder.invokeStatic(java.lang.Object, java.lang.Object, java.lang.Object, java.lang.Object, java.lang.Object, java.lang.Object, java.lang.Object, java.lang.Object, java.lang.Object, java.lang.Object, java.lang.Object, java.lang.Object, java.lang.Object, java.lang.Object, java.lang.Object, java.lang.Object, java.lang.Object, java.lang.Object, java.lang.Object)'> (0x00000000c2b687c0) 
thrown 
Event: 2.723 Thread 0x000001ed34b10800 Exception <a 'java/lang/NoSuchMethodError'{0x00000000c2b903e8}: 'java.lang.Object java.lang.invoke.DirectMethodHandle$Holder.invokeStatic(java.lang.Object, java.lang.Object, java.lang.Object, java.lang.Object, java.lang.Object, java.lang.Object, java.lang.Object, java.lang.Object, java.lang.Object, java.lang.Object, java.lang.Object, java.lang.Object, java.lang.Object, java.lang.Object, java.lang.Object, java.lang.Object, java.lang.Object, java.lang.Object, java.lang.Object, java.lang.Object)'> (0x00000000
Event: 2.724 Thread 0x000001ed34b10800 Exception <a 'java/lang/NoSuchMethodError'{0x00000000c2bb97e8}: 'java.lang.Object java.lang.invoke.DirectMethodHandle$Holder.invokeStatic(java.lang.Object, java.lang.Object, java.lang.Object, java.lang.Object, java.lang.Object, java.lang.Object, java.lang.Object, java.lang.Object, java.lang.Object, java.lang.Object, java.lang.Object, java.lang.Object, java.lang.Object, java.lang.Object, java.lang.Object, java.lang.Object, java.lang.Object, java.lang.Object, java.lang.Object, java.lang.Object, java.lang.Obj
Event: 2.725 Thread 0x000001ed34b10800 Exception <a 'java/lang/NoSuchMethodError'{0x00000000c2be4390}: 'java.lang.Object java.lang.invoke.DirectMethodHandle$Holder.invokeStatic(java.lang.Object, java.lang.Object, java.lang.Object, java.lang.Object, java.lang.Object, java.lang.Object, java.lang.Object, java.lang.Object, java.lang.Object, java.lang.Object, java.lang.Object, java.lang.Object, java.lang.Object, java.lang.Object, java.lang.Object, java.lang.Object, java.lang.Object, java.lang.Object, java.lang.Object, java.lang.Object, java.lang.Obj
Event: 3.000 Thread 0x000001ed34b10800 Exception <a 'java/lang/NoSuchMethodError'{0x00000000c357c580}: 'java.lang.Object java.lang.invoke.DirectMethodHandle$Holder.invokeStatic(java.lang.Object, java.lang.Object, java.lang.Object, java.lang.Object, int)'> (0x00000000c357c580) 
thrown [./src/hotspot/share/interpreter/linkResolver.cpp, line 766]
Event: 3.001 Thread 0x000001ed34b10800 Exception <a 'java/lang/NoSuchMethodError'{0x00000000c3581208}: 'java.lang.Object java.lang.invoke.DirectMethodHandle$Holder.invokeSpecial(java.lang.Object, java.lang.Object, java.lang.Object, java.lang.Object, java.lang.Object, int)'> (0x00000000c3581208) 
thrown [./src/hotspot/share/interpreter/linkResolver.cpp, line 766]
Event: 3.001 Thread 0x000001ed34b10800 Exception <a 'java/lang/NoSuchMethodError'{0x00000000c3585930}: 'java.lang.Object java.lang.invoke.Invokers$Holder.linkToTargetMethod(java.lang.Object, java.lang.Object, java.lang.Object, int, java.lang.Object)'> (0x00000000c3585930) 
thrown [./src/hotspot/share/interpreter/linkResolver.cpp, line 766]
Event: 3.016 Thread 0x000001ed34b10800 Exception <a 'java/lang/IncompatibleClassChangeError'{0x00000000c34c00c8}: Found class java.lang.Object, but interface was expected> (0x00000000c34c00c8) 
thrown [./src/hotspot/share/interpreter/linkResolver.cpp, line 832]
Event: 3.087 Thread 0x000001ed34b10800 Exception <a 'java/lang/NoSuchMethodError'{0x00000000c72811c8}: 'java.lang.Object java.lang.invoke.DirectMethodHandle$Holder.invokeStatic(java.lang.Object, int, java.lang.Object, java.lang.Object, java.lang.Object)'> (0x00000000c72811c8) 
thrown [./src/hotspot/share/interpreter/linkResolver.cpp, line 766]
Event: 3.087 Thread 0x000001ed34b10800 Exception <a 'java/lang/NoSuchMethodError'{0x00000000c7296fc8}: 'java.lang.Object java.lang.invoke.DirectMethodHandle$Holder.invokeSpecial(java.lang.Object, java.lang.Object, int, java.lang.Object, java.lang.Object, java.lang.Object)'> (0x00000000c7296fc8) 
thrown [./src/hotspot/share/interpreter/linkResolver.cpp, line 766]

Events (20 events):
Event: 3.039 loading class javax/management/NotificationFilter done
Event: 3.039 loading class javax/management/ListenerNotFoundException
Event: 3.039 loading class javax/management/ListenerNotFoundException done
Event: 3.040 loading class jdk/jfr/Recording
Event: 3.040 loading class jdk/jfr/Recording done
Event: 3.040 loading class jdk/jfr/FlightRecorder
Event: 3.040 loading class jdk/jfr/FlightRecorder done
Event: 3.040 loading class jdk/management/jfr/FlightRecorderMXBeanImpl$MXBeanListener
Event: 3.040 loading class jdk/jfr/FlightRecorderListener
Event: 3.040 loading class jdk/jfr/FlightRecorderListener done
Event: 3.040 loading class jdk/management/jfr/FlightRecorderMXBeanImpl$MXBeanListener done
Event: 3.040 loading class sun/reflect/misc/MethodUtil
Event: 3.040 loading class sun/reflect/misc/MethodUtil done
Event: 3.040 loading class sun/reflect/misc/MethodUtil$1
Event: 3.040 loading class sun/reflect/misc/MethodUtil$1 done
Event: 3.041 loading class java/security/AllPermissionCollection
Event: 3.041 loading class java/security/AllPermissionCollection done
Event: 3.042 Thread 0x000001ed38e01800 Thread added: 0x000001ed38e01800
Event: 3.058 Executing VM operation: G1CollectForAllocation
Event: 3.061 Executing VM operation: G1CollectForAllocation done


Dynamic libraries:
0x00007ff741db0000 - 0x00007ff741dbd000 	C:\Program Files\AdoptOpenJDK\jdk-14.0.2.12-hotspot\bin\java.exe
0x00007fff624a0000 - 0x00007fff626a7000 	C:\WINDOWS\SYSTEM32\ntdll.dll
0x00007fff60660000 - 0x00007fff6071d000 	C:\WINDOWS\System32\KERNEL32.DLL
0x00007fff5fa50000 - 0x00007fff5fdc4000 	C:\WINDOWS\System32\KERNELBASE.dll
0x00007fff5cf70000 - 0x00007fff5d001000 	C:\WINDOWS\SYSTEM32\apphelp.dll
0x00007fff5ff00000 - 0x00007fff60011000 	C:\WINDOWS\System32\ucrtbase.dll
0x00007fff5b2d0000 - 0x00007fff5b2e8000 	C:\Program Files\AdoptOpenJDK\jdk-14.0.2.12-hotspot\bin\jli.dll
0x00007fff4c6b0000 - 0x00007fff4c6c5000 	C:\Program Files\AdoptOpenJDK\jdk-14.0.2.12-hotspot\bin\VCRUNTIME140.dll
0x00007fff61130000 - 0x00007fff612dc000 	C:\WINDOWS\System32\USER32.dll
0x00007fff4f2f0000 - 0x00007fff4f595000 	C:\WINDOWS\WinSxS\amd64_microsoft.windows.common-controls_6595b64144ccf1df_6.0.22000.120_none_9d947278b86cc467\COMCTL32.dll
0x00007fff5fa20000 - 0x00007fff5fa46000 	C:\WINDOWS\System32\win32u.dll
0x00007fff61ba0000 - 0x00007fff61c43000 	C:\WINDOWS\System32\msvcrt.dll
0x00007fff61b30000 - 0x00007fff61b59000 	C:\WINDOWS\System32\GDI32.dll
0x00007fff60020000 - 0x00007fff60132000 	C:\WINDOWS\System32\gdi32full.dll
0x00007fff5f980000 - 0x00007fff5fa1d000 	C:\WINDOWS\System32\msvcp_win.dll
0x00007fff61430000 - 0x00007fff61461000 	C:\WINDOWS\System32\IMM32.DLL
0x00007fff287c0000 - 0x00007fff2885b000 	C:\Program Files\AdoptOpenJDK\jdk-14.0.2.12-hotspot\bin\msvcp140.dll
0x00007ffedaf50000 - 0x00007ffedbae4000 	C:\Program Files\AdoptOpenJDK\jdk-14.0.2.12-hotspot\bin\server\jvm.dll
0x00007fff60460000 - 0x00007fff6050c000 	C:\WINDOWS\System32\ADVAPI32.dll
0x00007fff60ed0000 - 0x00007fff60f6d000 	C:\WINDOWS\System32\sechost.dll
0x00007fff60330000 - 0x00007fff60451000 	C:\WINDOWS\System32\RPCRT4.dll
0x00007fff61b60000 - 0x00007fff61b68000 	C:\WINDOWS\System32\PSAPI.DLL
0x00007fff58b50000 - 0x00007fff58b5a000 	C:\WINDOWS\SYSTEM32\VERSION.dll
0x00007fff59a30000 - 0x00007fff59a63000 	C:\WINDOWS\SYSTEM32\WINMM.dll
0x00007fff59ca0000 - 0x00007fff59ca9000 	C:\WINDOWS\SYSTEM32\WSOCK32.dll
0x00007fff61ab0000 - 0x00007fff61b1f000 	C:\WINDOWS\System32\WS2_32.dll
0x00007fff5ea70000 - 0x00007fff5ea88000 	C:\WINDOWS\SYSTEM32\kernel.appcore.dll
0x00007fff5cf50000 - 0x00007fff5cf5a000 	C:\Program Files\AdoptOpenJDK\jdk-14.0.2.12-hotspot\bin\jimage.dll
0x00007fff4f8c0000 - 0x00007fff4fae1000 	C:\WINDOWS\SYSTEM32\DBGHELP.DLL
0x00007fff4f850000 - 0x00007fff4f881000 	C:\WINDOWS\SYSTEM32\dbgcore.DLL
0x00007fff602b0000 - 0x00007fff60330000 	C:\WINDOWS\System32\bcryptPrimitives.dll
0x00007fff41940000 - 0x00007fff41965000 	C:\Program Files\AdoptOpenJDK\jdk-14.0.2.12-hotspot\bin\java.dll
0x00007fff43780000 - 0x00007fff43796000 	C:\Program Files\AdoptOpenJDK\jdk-14.0.2.12-hotspot\bin\zip.dll
0x00007fff60720000 - 0x00007fff60ec9000 	C:\WINDOWS\System32\SHELL32.dll
0x00007fff5daf0000 - 0x00007fff5e352000 	C:\WINDOWS\SYSTEM32\windows.storage.dll
0x00007fff61610000 - 0x00007fff61988000 	C:\WINDOWS\System32\combase.dll
0x00007fff5d980000 - 0x00007fff5dae6000 	C:\WINDOWS\SYSTEM32\wintypes.dll
0x00007fff60570000 - 0x00007fff6065a000 	C:\WINDOWS\System32\SHCORE.dll
0x00007fff61500000 - 0x00007fff6155d000 	C:\WINDOWS\System32\shlwapi.dll
0x00007fff5f8b0000 - 0x00007fff5f8d1000 	C:\WINDOWS\SYSTEM32\profapi.dll
0x00007fff41920000 - 0x00007fff41939000 	C:\Program Files\AdoptOpenJDK\jdk-14.0.2.12-hotspot\bin\net.dll
0x00007fff59e90000 - 0x00007fff59f9c000 	C:\WINDOWS\SYSTEM32\WINHTTP.dll
0x00007fff5ee70000 - 0x00007fff5eed7000 	C:\WINDOWS\system32\mswsock.dll
0x00007fff41900000 - 0x00007fff41912000 	C:\Program Files\AdoptOpenJDK\jdk-14.0.2.12-hotspot\bin\nio.dll
0x00007fff4c750000 - 0x00007fff4c760000 	C:\Program Files\AdoptOpenJDK\jdk-14.0.2.12-hotspot\bin\verify.dll
0x00007fff5b350000 - 0x00007fff5b377000 	C:\Users\lebon\.gradle\native\fdc75f09e3144964f2cf3f50f0aa648679c211496f362492102eb8c894070792\windows-amd64\native-platform.dll
0x00007fff10ae0000 - 0x00007fff10c76000 	C:\Users\lebon\.gradle\native\12488b8bf47d2d4c9fbf2f6322a914ad602e24e48041cd04a747c6da556b65c4\windows-amd64\native-platform-file-events.dll
0x00007fff41b90000 - 0x00007fff41b99000 	C:\Program Files\AdoptOpenJDK\jdk-14.0.2.12-hotspot\bin\management.dll
0x00007fff418d0000 - 0x00007fff418db000 	C:\Program Files\AdoptOpenJDK\jdk-14.0.2.12-hotspot\bin\management_ext.dll
0x00007fff5f1f0000 - 0x00007fff5f208000 	C:\WINDOWS\SYSTEM32\CRYPTSP.dll
0x00007fff5e9d0000 - 0x00007fff5ea05000 	C:\WINDOWS\system32\rsaenh.dll
0x00007fff5ef80000 - 0x00007fff5efa9000 	C:\WINDOWS\SYSTEM32\USERENV.dll
0x00007fff5f350000 - 0x00007fff5f377000 	C:\WINDOWS\SYSTEM32\bcrypt.dll
0x00007fff5f0d0000 - 0x00007fff5f0dc000 	C:\WINDOWS\SYSTEM32\CRYPTBASE.dll
0x00007fff5e5b0000 - 0x00007fff5e5dd000 	C:\WINDOWS\SYSTEM32\IPHLPAPI.DLL
0x00007fff61b20000 - 0x00007fff61b29000 	C:\WINDOWS\System32\NSI.dll
0x00007fff5a120000 - 0x00007fff5a139000 	C:\WINDOWS\SYSTEM32\dhcpcsvc6.DLL
0x00007fff5a920000 - 0x00007fff5a93e000 	C:\WINDOWS\SYSTEM32\dhcpcsvc.DLL
0x00007fff5e5e0000 - 0x00007fff5e6c7000 	C:\WINDOWS\SYSTEM32\DNSAPI.dll
0x00007fff59130000 - 0x00007fff5913c000 	C:\WINDOWS\SYSTEM32\WINNSI.DLL

dbghelp: loaded successfully - version: 4.0.5 - missing functions: none
symbol engine: initialized successfully - sym options: 0x614 - pdb path: .;C:\Program Files\AdoptOpenJDK\jdk-14.0.2.12-hotspot\bin;C:\WINDOWS\SYSTEM32;C:\WINDOWS\WinSxS\amd64_microsoft.windows.common-controls_6595b64144ccf1df_6.0.22000.120_none_9d947278b86cc467;C:\Program Files\AdoptOpenJDK\jdk-14.0.2.12-hotspot\bin\server;C:\Users\lebon\.gradle\native\fdc75f09e3144964f2cf3f50f0aa648679c211496f362492102eb8c894070792\windows-amd64;C:\Users\lebon\.gradle\native\12488b8bf47d2d4c9fbf2f6322a914ad602e24e48041cd04a747c6da556b65c4\windows-amd64

VM Arguments:
jvm_args: --add-opens=java.base/java.util=ALL-UNNAMED --add-opens=java.base/java.lang=ALL-UNNAMED --add-opens=java.base/java.lang.invoke=ALL-UNNAMED --add-opens=java.prefs/java.util.prefs=ALL-UNNAMED -Xmx1G -Dfile.encoding=utf8 -Duser.country=FR -Duser.language=fr -Duser.variant 
java_command: org.gradle.launcher.daemon.bootstrap.GradleDaemon 6.8.3
java_class_path (initial): C:\Users\lebon\.gradle\wrapper\dists\gradle-6.8.3-bin\7ykxq50lst7lb7wx1nijpicxn\gradle-6.8.3\lib\gradle-launcher-6.8.3.jar
Launcher Type: SUN_STANDARD

[Global flags]
     intx CICompilerCount                          = 3                                         {product} {ergonomic}
     uint ConcGCThreads                            = 2                                         {product} {ergonomic}
     uint G1ConcRefinementThreads                  = 6                                         {product} {ergonomic}
   size_t G1HeapRegionSize                         = 1048576                                   {product} {ergonomic}
    uintx GCDrainStackTargetSize                   = 64                                        {product} {ergonomic}
   size_t InitialHeapSize                          = 268435456                                 {product} {ergonomic}
   size_t MarkStackSize                            = 4194304                                   {product} {ergonomic}
   size_t MaxHeapSize                              = 1073741824                                {product} {command line}
   size_t MaxNewSize                               = 643825664                                 {product} {ergonomic}
   size_t MinHeapDeltaBytes                        = 1048576                                   {product} {ergonomic}
   size_t MinHeapSize                              = 8388608                                   {product} {ergonomic}
    uintx NonNMethodCodeHeapSize                   = 5832780                                {pd product} {ergonomic}
    uintx NonProfiledCodeHeapSize                  = 122912730                              {pd product} {ergonomic}
    uintx ProfiledCodeHeapSize                     = 122912730                              {pd product} {ergonomic}
    uintx ReservedCodeCacheSize                    = 251658240                              {pd product} {ergonomic}
     bool SegmentedCodeCache                       = true                                      {product} {ergonomic}
   size_t SoftMaxHeapSize                          = 1073741824                             {manageable} {ergonomic}
     bool UseCompressedClassPointers               = true                                 {lp64_product} {ergonomic}
     bool UseCompressedOops                        = true                                 {lp64_product} {ergonomic}
     bool UseG1GC                                  = true                                      {product} {ergonomic}
     bool UseLargePagesIndividualAllocation        = false                                  {pd product} {ergonomic}

Logging:
Log output configuration:
 #0: stdout all=warning uptime,level,tags
 #1: stderr all=off uptime,level,tags

Environment Variables:
JAVA_HOME=C:\Program Files\Eclipse Foundation\jdk-16.0.2.7-hotspot\
PATH=C:\Program Files\Eclipse Foundation\jdk-16.0.2.7-hotspot\bin;C:\Program Files (x86)\Common Files\Oracle\Java\javapath;C:\Program Files (x86)\Common Files\Intel\Shared Libraries\REDIST\INTEL64\COMPILER;C:\PROGRAM FILES\ADOPTOPENJDK\JDK-14.0.2.12-HOTSPOT\BIN;C:\PROGRAM FILES\ADOPTOPENJDK\JDK-8.0.275.1-HOTSPOT\BIN;C:\WINDOWS\SYSTEM32;C:\WINDOWS;C:\WINDOWS\SYSTEM32\WBEM;C:\WINDOWS\SYSTEM32\WINDOWSPOWERSHELL\V1.0\;C:\WINDOWS\SYSTEM32\OPENSSH\;C:\PROGRAM FILES\NVIDIA CORPORATION\NVIDIA NVDLISR;C:\PROGRAM FILES\GIT\CMD;C:\Program Files\mingw-w64\x86_64-8.1.0-posix-seh-rt_v6-rev0\mingw64\bin;C:\Users\lebon\AppData\Local\Packages\PythonSoftwareFoundation.Python.3.7_qbz5n2kfra8p0\LocalCache\local-packages\Python37\Scripts;C:\Program Files (x86)\NVIDIA Corporation\PhysX\Common;C:\Program Files\PuTTY\;C:\WINDOWS\system32;C:\WINDOWS;C:\WINDOWS\System32\Wbem;C:\WINDOWS\System32\WindowsPowerShell\v1.0\;C:\WINDOWS\System32\OpenSSH\;C:\Users\lebon\AppData\Local\Microsoft\WindowsApps;C:\Users\lebon\AppData\Local\Programs\Microsoft VS Code\bin;C:\Users\lebon\AppData\Local\GitHubDesktop\bin;C:\Program Files\mingw-w64\x86_64-8.1.0-posix-seh-rt_v6-rev0\mingw64\bin;
USERNAME=lebon
OS=Windows_NT
PROCESSOR_IDENTIFIER=AMD64 Family 23 Model 113 Stepping 0, AuthenticAMD



---------------  S Y S T E M  ---------------

OS: Windows 10 , 64 bit Build 22000 (10.0.22000.120)
OS uptime: 0 days 7:54 hours
HyperV virtualization detected

CPU:total 6 (initial active 6) (6 cores per cpu, 1 threads per core) family 23 model 113 stepping 0, cmov, cx8, fxsr, mmx, sse, sse2, sse3, ssse3, sse4.1, sse4.2, popcnt, avx, avx2, aes, clmul, mmxext, 3dnowpref, lzcnt, sse4a, tsc, tscinvbit, tscinv, bmi1, bmi2, adx, sha, fma

Memory: 4k page, system-wide physical 16310M (5175M free)
TotalPageFile size 23222M (AvailPageFile size 6181M)
current process WorkingSet (physical memory assigned to process): 270M, peak: 287M
current process commit charge ("private bytes"): 309M, peak: 445M

vm_info: OpenJDK 64-Bit Server VM (14.0.2+12) for windows-amd64 JRE (14.0.2+12), built on Jul 15 2020 11:30:16 by "" with MS VC++ 15.9 (VS2017)

END.
